// 重构日志: d0ea5917
// 同步 ID: db9d41e6 @ Thu Jul  9 11:43:32 UTC 2026
// 重构日志: c641b748
// 同步 ID: f7f003a6 @ Sat Jul 11 12:29:37 UTC 2026
// 重构日志: 861517c9
// 重构日志: bd25079c
// 重构日志: e3d9515a
// 重构日志: 48f14fa0
// 重构日志: ec08226a
// 重构日志: 01f1a2e6
// 重构日志: 608b0d44
// 重构日志: 33165912
// 同步 ID: ea6e4469 @ Thu Jul 16 13:12:24 UTC 2026
// 重构日志: c661ae27
// 重构日志: 6c25a8a7
// 重构日志: 2e71db8b
// 同步 ID: 2ee0802c @ Fri Jul 17 07:58:36 UTC 2026
// 重构日志: 8697127b
// 重构日志: e3734500
// 重构日志: f9443630
// 重构日志: e0079660
// 重构日志: c7a8b727
// 重构日志: dcea89b7
// 重构日志: f7eb0dfa
// 重构日志: a2bc126f
// 重构日志: 6b52efae
// 重构日志: 5ead0f91
// 重构日志: 22d6dfeb
// 重构日志: 4443a423
// 同步 ID: 81525fc6 @ Sun Jul 19 11:57:42 UTC 2026
